e:\code\c语言学习\project1\debug\vc143.pdb
e:\code\c语言学习\project1\debug\vc143.idb
e:\code\c语言学习\project1\debug\contact.obj
e:\code\c语言学习\project1\debug\add.obj
e:\code\c语言学习\project1\debug\10.函数.obj
e:\code\c语言学习\project1\debug\9.第九节go to.obj
e:\code\c语言学习\project1\debug\8_17.obj
e:\code\c语言学习\project1\debug\8.第八节.obj
e:\code\c语言学习\project1\debug\7.第七节循环for.obj
e:\code\c语言学习\project1\debug\7.文件操作.obj
e:\code\c语言学习\project1\debug\6.第六节循环while.obj
e:\code\c语言学习\project1\debug\6.动态内存管理.obj
e:\code\c语言学习\project1\debug\5.自定义结构体.obj
e:\code\c语言学习\project1\debug\5.第五节结构体.obj
e:\code\c语言学习\project1\debug\16.调试&优秀的代码.obj
e:\code\c语言学习\project1\debug\15.结构体.obj
e:\code\c语言学习\project1\debug\14.指针.obj
e:\code\c语言学习\project1\debug\13.表达式求值.obj
e:\code\c语言学习\project1\debug\12.操作符详解.obj
e:\code\c语言学习\project1\debug\11.数组.obj
e:\code\c语言学习\project1\debug\1.第一节.obj
e:\code\c语言学习\project1\debug\1.数据储存_整型, 浮点.obj
e:\code\c语言学习\project1\debug\3.指针练习.obj
e:\code\c语言学习\project1\debug\综合测评.obj
e:\code\c语言学习\project1\debug\4.第四节指针.obj
e:\code\c语言学习\project1\debug\2.第二节.obj
e:\code\c语言学习\project1\debug\3.第三节常见运算符.obj
e:\code\c语言学习\project1\debug\第一节附件.obj
e:\code\c语言学习\project1\debug\游戏模块.obj
e:\code\c语言学习\project1\debug\游戏主体.obj
e:\code\c语言学习\project1\debug\测试文件.obj
e:\code\c语言学习\project1\debug\p5705 【深基2.例7】数字反转.obj
e:\code\c语言学习\project1\debug\8.宏定义.obj
e:\code\c语言学习\project1\debug\功能实现.obj
e:\code\c语言学习\project1\debug\函数模板.obj
e:\code\c语言学习\project1\debug\4.字符串和内存函数.obj
e:\code\c语言学习\project1\debug\2.数据储存_指针.obj
e:\code\c语言学习\project1\debug\test.obj
e:\code\c语言学习\project1\debug\p5707 【深基2.例12】上学迟到.obj
e:\code\c语言学习\project1\debug\if,循环.obj
e:\code\c语言学习\project1\debug\game的模块.obj
e:\code\c语言学习\project1\debug\game.obj
e:\code\c语言学习\project1\debug\题目2.obj
e:\code\c语言学习\project1\debug\题目.obj
e:\code\c语言学习\project1\debug\小红买基金.obj
e:\code\c语言学习\project1\debug\函数对象的使用.obj
e:\code\c语言学习\project1\debug\p1055 [noip2008 普及组] isbn 号码.obj
e:\code\c语言学习\debug\c语言学习.exe
e:\code\c语言学习\project1\debug\c语言学习.ilk
e:\code\c语言学习\debug\c语言学习.pdb
e:\code\c语言学习\project1\debug\1.数据储存_数据类型.obj
e:\code\c语言学习\project1\debug\16.调试.obj
e:\code\c语言学习\project1\debug\字符串和内存函数.obj
e:\code\c语言学习\project1\debug\数据储存_指针.obj
e:\code\c语言学习\project1\debug\面试题.obj
e:\code\c语言学习\project1\debug\1.数据储存_数据类型.obj.enc
e:\code\c语言学习\project1\debug\16.调试.obj.enc
e:\code\c语言学习\project1\debug\4.字符串和内存函数.obj.enc
e:\code\c语言学习\project1\debug\字符串和内存函数.obj.enc
e:\code\c语言学习\project1\debug\数据储存_指针.obj.enc
e:\code\c语言学习\project1\debug\综合测评.obj.enc
e:\code\c语言学习\project1\debug\project1.ilk
e:\code\c语言学习\project1\debug\c语言学习.tlog\cl.command.1.tlog
e:\code\c语言学习\project1\debug\c语言学习.tlog\cl.items.tlog
e:\code\c语言学习\project1\debug\c语言学习.tlog\cl.read.1.tlog
e:\code\c语言学习\project1\debug\c语言学习.tlog\cl.write.1.tlog
e:\code\c语言学习\project1\debug\c语言学习.tlog\link.command.1.tlog
e:\code\c语言学习\project1\debug\c语言学习.tlog\link.read.1.tlog
e:\code\c语言学习\project1\debug\c语言学习.tlog\link.write.1.tlog
